<!DOCTYPE html>
<html>
<head>
    <title>Results</title>
    <meta charset="utf-8">
    <meta name="viewport" content="width=device-width, initial-scale=1.0">
    <link rel="stylesheet" href="https://maxcdn.bootstrapcdn.com/bootstrap/3.3.6/css/bootstrap.min.css" integrity="sha384-1q8mTJOASx8j1Au+a5WDVnPi2lkFfwwEAa8hDDdjZlpLegxhjVME1fgjWPGmkzs7" crossorigin="anonymous">
</head>
<body>
    <div class="container">
        <div class="row">
            <div class="col-xs-12">
                <h2 class="text-capitalize">Results</h2>
                <p class='attribute'><strong>Start Time: </strong>2022-05-27 17:55:16</p>
                <p class='attribute'><strong>Duration: </strong>28.20 s</p>
                <p class='attribute'><strong>Summary: </strong>Total: 3, Pass: 2, Fail: 1</p>
            </div>
        </div>
        <div class="row">
            <div class="col-xs-12 col-sm-10 col-md-10">
                <table class='table table-hover table-responsive'>
                    <thead>
                        <tr>
                            <th>Tests.Test_AddRemove.AddRemove</th>
                            <th>Status</th>
                            <th></th>
                        </tr>
                    </thead>
                    <tbody>
                        <tr class='success'>
                            <td class="col-xs-10">test_add_remove_elements</td>
                            <td class="col-xs-1">
                                <span class="label label-success" style="display:block;width:40px;">Pass</span>
                            </td>
                            <td class="col-xs-1">
                                <button class="btn btn-default btn-xs">View</button>
                            </td>
                        </tr>
                        <tr style="display:none;">
                            <td class="col-xs-9" colspan="3"><p> Test Passed!
</p>
                            </td>
                        </tr>
                        <tr>
                            <td colspan="3">
                                Total: 1, Pass: 1 -- Duration: 9.80 s
                            </td>
                        </tr>
                    </tbody>
                </table>
            </div>
        </div>
        <div class="row">
            <div class="col-xs-12 col-sm-10 col-md-10">
                <table class='table table-hover table-responsive'>
                    <thead>
                        <tr>
                            <th>Tests.Test_BasicAuth.BasicAuth</th>
                            <th>Status</th>
                            <th></th>
                        </tr>
                    </thead>
                    <tbody>
                        <tr class='success'>
                            <td class="col-xs-10">test_basic_auth</td>
                            <td class="col-xs-1">
                                <span class="label label-success" style="display:block;width:40px;">Pass</span>
                            </td>
                            <td class="col-xs-1">
                                <button class="btn btn-default btn-xs">View</button>
                            </td>
                        </tr>
                        <tr style="display:none;">
                            <td class="col-xs-9" colspan="3"><p> Congratulations! You must have the proper credentials.
</p>
                            </td>
                        </tr>
                        <tr>
                            <td colspan="3">
                                Total: 1, Pass: 1 -- Duration: 9.69 s
                            </td>
                        </tr>
                    </tbody>
                </table>
            </div>
        </div>
        <div class="row">
            <div class="col-xs-12 col-sm-10 col-md-10">
                <table class='table table-hover table-responsive'>
                    <thead>
                        <tr>
                            <th>Tests.Test_BrokenImg.BrokenImage</th>
                            <th>Status</th>
                            <th></th>
                        </tr>
                    </thead>
                    <tbody>
                        <tr class='danger'>
                            <td class="col-xs-10">test_broken_img_displayed</td>
                            <td class="col-xs-1">
                                <span class="label label-danger" style="display:block;width:40px;">Fail</span>
                            </td>
                            <td class="col-xs-1">
                                <button class="btn btn-default btn-xs">View</button>
                            </td>
                        </tr>
                        <tr style="display:none;">
                            <td class="col-xs-9" colspan="3"><p style="color:maroon;">AssertionError: False is not true : Test Failed!</p><p style="color:maroon;">Traceback (most recent call last):
  File "C:\Users\Maria\PycharmProjects\Tests_Heroku_Internet\Tests\Test_BrokenImg.py", line 18, in test_broken_img_displayed
    self.assertTrue(displayed_img is False, "Test Failed!")
AssertionError: False is not true : Test Failed!


====== WebDriver manager ======
Could not get version for google-chrome with the command:  powershell "$ErrorActionPreference='silentlycontinue' ; (Get-Item -Path "$env:PROGRAMFILES\Google\Chrome\Application\chrome.exe").VersionInfo.FileVersion ; if (-not $? -or $? -match $error) { (Get-Item -Path "$env:PROGRAMFILES(x86)\Google\Chrome\Application\chrome.exe").VersionInfo.FileVersion } if (-not $? -or $? -match $error) { (Get-Item -Path "$env:LOCALAPPDATA\Google\Chrome\Application\chrome.exe").VersionInfo.FileVersion } if (-not $? -or $? -match $error) { reg query "HKCU\SOFTWARE\Google\Chrome\BLBeacon" /v version } if (-not $? -or $? -match $error) { reg query "HKLM\SOFTWARE\Wow6432Node\Microsoft\Windows\CurrentVersion\Uninstall\Google Chrome" /v version }"
Current google-chrome version is UNKNOWN
Get LATEST chromedriver version for UNKNOWN google-chrome
Trying to download new driver from https://chromedriver.storage.googleapis.com/102.0.5005.61/chromedriver_win32.zip
Driver has been saved in cache [C:\Users\Maria\.wdm\drivers\chromedriver\win32\102.0.5005.61]
</p>
                            </td>
                        </tr>
                        <tr>
                            <td colspan="3">
                                Total: 1, Pass: 0, Fail: 1 -- Duration: 8.71 s
                            </td>
                        </tr>
                    </tbody>
                </table>
            </div>
        </div>
    </div>
    <script src="https://ajax.googleapis.com/ajax/libs/jquery/2.2.4/jquery.min.js"></script>
    <script type="text/javascript">
        $(document).ready(function(){
            $('td').on('click', '.btn', function(e){
                e.preventDefault();
                e.stopImmediatePropagation();
                var $this = $(this);
                var $nextRow = $this.closest('tr').next('tr');
                $nextRow.slideToggle("fast");
                $this.text(function(i, text){
                    if (text === 'View') {
                        return 'Hide';
                    } else {
                        return 'View';
                    };
                });
            });
        });
    </script>
</body>
</html